<template>
  <id>TEST-blood_pressure</id>
  <name>Test del arquetipo de blood pressure bajado del CKM</name>
  <root_archetype>
    <archetype type="observation" id="openEHR-EHR-OBSERVATION.blood_pressure.v1" pageZone="content" includeAll="true" />
  </root_archetype>
</template>