<template>
  <id>TEST-cluster_obligatorio_multiple</id>
  <name>Test de validacion de cluster obligatorio multipe</name>
  <root_archetype>
    <archetype type="observation" id="openEHR-EHR-OBSERVATION.test_cluster_obligatorio_multiple.v1" pageZone="content" includeAll="true" />
  </root_archetype>
</template>